warning: adding embedded git repository: vim/.vim/plugged/LeaderF-filer
hint: You've added another git repository inside your current repository.
hint: Clones of the outer repository will not contain the contents of
hint: the embedded repository and will not know how to obtain it.
hint: If you meant to add a submodule, use:
hint: 
hint: 	git submodule add <url> vim/.vim/plugged/LeaderF-filer
hint: 
hint: If you added this path by mistake, you can remove it from the
hint: index with:
hint: 
hint: 	git rm --cached vim/.vim/plugged/LeaderF-filer
hint: 
hint: See "git help submodule" for more information.
warning: adding embedded git repository: vim/.vim/plugged/LeaderF-marks
warning: adding embedded git repository: vim/.vim/plugged/LeaderF
warning: adding embedded git repository: vim/.vim/plugged/auto-pairs
warning: adding embedded git repository: vim/.vim/plugged/black
warning: adding embedded git repository: vim/.vim/plugged/coc.nvim
warning: adding embedded git repository: vim/.vim/plugged/emmet-vim
warning: adding embedded git repository: vim/.vim/plugged/fzf
warning: adding embedded git repository: vim/.vim/plugged/gruvbox-baby
warning: adding embedded git repository: vim/.vim/plugged/gruvbox
warning: adding embedded git repository: vim/.vim/plugged/gv.vim
warning: adding embedded git repository: vim/.vim/plugged/indentLine
warning: adding embedded git repository: vim/.vim/plugged/markdown-preview.nvim
warning: adding embedded git repository: vim/.vim/plugged/neomake
warning: adding embedded git repository: vim/.vim/plugged/nerdcommenter
warning: adding embedded git repository: vim/.vim/plugged/nerdtree-git-plugin
warning: adding embedded git repository: vim/.vim/plugged/nerdtree
warning: adding embedded git repository: vim/.vim/plugged/python-syntax
warning: adding embedded git repository: vim/.vim/plugged/space-vim-theme
warning: adding embedded git repository: vim/.vim/plugged/tabular
warning: adding embedded git repository: vim/.vim/plugged/tmux-complete.vim
warning: adding embedded git repository: vim/.vim/plugged/undotree
warning: adding embedded git repository: vim/.vim/plugged/vim-airline-themes
warning: adding embedded git repository: vim/.vim/plugged/vim-airline
warning: adding embedded git repository: vim/.vim/plugged/vim-cpp-enhanced-highlight
warning: adding embedded git repository: vim/.vim/plugged/vim-devicons
warning: adding embedded git repository: vim/.vim/plugged/vim-easymotion
warning: adding embedded git repository: vim/.vim/plugged/vim-floaterm
warning: adding embedded git repository: vim/.vim/plugged/vim-fugitive
warning: adding embedded git repository: vim/.vim/plugged/vim-gitgutter
warning: adding embedded git repository: vim/.vim/plugged/vim-gutentags
warning: adding embedded git repository: vim/.vim/plugged/vim-markdown
warning: adding embedded git repository: vim/.vim/plugged/vim-nerdtree-syntax-highlight
warning: adding embedded git repository: vim/.vim/plugged/vim-nerdtree-tabs
warning: adding embedded git repository: vim/.vim/plugged/vim-prettier
warning: adding embedded git repository: vim/.vim/plugged/vim-sandwich
warning: adding embedded git repository: vim/.vim/plugged/vim-signature
warning: adding embedded git repository: vim/.vim/plugged/vim-snippets
warning: adding embedded git repository: vim/.vim/plugged/vim-startify
warning: adding embedded git repository: vim/.vim/plugged/vim-textobj-entire
warning: adding embedded git repository: vim/.vim/plugged/vim-textobj-indent
warning: adding embedded git repository: vim/.vim/plugged/vim-textobj-parameter
warning: adding embedded git repository: vim/.vim/plugged/vim-textobj-python
warning: adding embedded git repository: vim/.vim/plugged/vim-textobj-user
warning: adding embedded git repository: vim/.vim/plugged/vim-trailing-whitespace
warning: adding embedded git repository: vim/.vim/plugged/vim-wakatime
warning: adding embedded git repository: vim/.vim/plugged/vimspector
warning: adding embedded git repository: vim/.vim/plugged/vista.vim
warning: adding embedded git repository: vim/.vim/plugged/xml.vim
